Using pre-set license
Built from '2020.3/staging' branch; Version is '2020.3.26f1 (7298b473bc1a) revision 7510196'; Using compiler version '192528614'; Build Type 'Release'
OS: 'Windows 10  (10.0.19042) 64bit Core' Language: 'ko' Physical Memory: 7971 MB
BatchMode: 1, IsHumanControllingUs: 0, StartBugReporterOnCrash: 0, Is64bit: 1, IsPro: 0

COMMAND LINE ARGUMENTS:
C:\Program Files\Unity\Hub\Editor\2020.3.26f1\Editor\Unity.exe
-adb2
-batchMode
-noUpm
-name
AssetImportWorker0
-projectPath
C:/Users/user/Desktop/GitHub/PracticeUnity2D/Practice2D_4/TopdownEx
-logFile
Logs/AssetImportWorker0.log
-srvPort
54433
Successfully changed project path to: C:/Users/user/Desktop/GitHub/PracticeUnity2D/Practice2D_4/TopdownEx
C:/Users/user/Desktop/GitHub/PracticeUnity2D/Practice2D_4/TopdownEx
Using Asset Import Pipeline V2.
Refreshing native plugins compatible for Editor in 66.19 ms, found 3 plugins.
Preloading 0 native plugins for Editor in 0.00 ms.
Initialize engine version: 2020.3.26f1 (7298b473bc1a)
[Subsystems] Discovering subsystems at path C:/Program Files/Unity/Hub/Editor/2020.3.26f1/Editor/Data/Resources/UnitySubsystems
[Subsystems] Discovering subsystems at path C:/Users/user/Desktop/GitHub/PracticeUnity2D/Practice2D_4/TopdownEx/Assets
GfxDevice: creating device client; threaded=0
Direct3D:
    Version:  Direct3D 11.0 [level 11.1]
    Renderer: Intel(R) UHD Graphics (ID=0x9b41)
    Vendor:   
    VRAM:     3985 MB
    Driver:   26.20.100.7463
Initialize mono
Mono path[0] = 'C:/Program Files/Unity/Hub/Editor/2020.3.26f1/Editor/Data/Managed'
Mono path[1] = 'C:/Program Files/Unity/Hub/Editor/2020.3.26f1/Editor/Data/MonoBleedingEdge/lib/mono/unityjit'
Mono config path = 'C:/Program Files/Unity/Hub/Editor/2020.3.26f1/Editor/Data/MonoBleedingEdge/etc'
Using monoOptions --debugger-agent=transport=dt_socket,embedding=1,server=y,suspend=n,address=127.0.0.1:56848
Begin MonoManager ReloadAssembly
Registering precompiled unity dll's ...
Register platform support module: C:/Program Files/Unity/Hub/Editor/2020.3.26f1/Editor/Data/PlaybackEngines/WindowsStandaloneSupport/UnityEditor.WindowsStandalone.Extensions.dll
Registered in 0.003745 seconds.
Native extension for WindowsStandalone target not found
Refreshing native plugins compatible for Editor in 57.71 ms, found 3 plugins.
Preloading 0 native plugins for Editor in 0.00 ms.
Mono: successfully reloaded assembly
- Completed reload, in  0.887 seconds
Domain Reload Profiling:
	ReloadAssembly (887ms)
		BeginReloadAssembly (80ms)
			ExecutionOrderSort (0ms)
			DisableScriptedObjects (0ms)
			BackupInstance (0ms)
			ReleaseScriptingObjects (0ms)
			CreateAndSetChildDomain (1ms)
		EndReloadAssembly (713ms)
			LoadAssemblies (77ms)
			RebuildTransferFunctionScriptingTraits (0ms)
			SetupTypeCache (217ms)
			ReleaseScriptCaches (0ms)
			RebuildScriptCaches (40ms)
			SetupLoadedEditorAssemblies (299ms)
				LogAssemblyErrors (0ms)
				InitializePlatformSupportModulesInManaged (6ms)
				SetLoadedEditorAssemblies (0ms)
				RefreshPlugins (58ms)
				BeforeProcessingInitializeOnLoad (22ms)
				ProcessInitializeOnLoadAttributes (167ms)
				ProcessInitializeOnLoadMethodAttributes (46ms)
				AfterProcessingInitializeOnLoad (0ms)
				EditorAssembliesLoaded (0ms)
			ExecutionOrderSort2 (0ms)
			AwakeInstancesAfterBackupRestoration (0ms)
Platform modules already initialized, skipping
Registering precompiled user dll's ...
Registered in 0.007201 seconds.
Begin MonoManager ReloadAssembly
Native extension for WindowsStandalone target not found
Refreshing native plugins compatible for Editor in 53.55 ms, found 3 plugins.
Preloading 0 native plugins for Editor in 0.00 ms.
Mono: successfully reloaded assembly
- Completed reload, in  1.656 seconds
Domain Reload Profiling:
	ReloadAssembly (1657ms)
		BeginReloadAssembly (177ms)
			ExecutionOrderSort (0ms)
			DisableScriptedObjects (5ms)
			BackupInstance (0ms)
			ReleaseScriptingObjects (0ms)
			CreateAndSetChildDomain (24ms)
		EndReloadAssembly (1379ms)
			LoadAssemblies (168ms)
			RebuildTransferFunctionScriptingTraits (0ms)
			SetupTypeCache (499ms)
			ReleaseScriptCaches (1ms)
			RebuildScriptCaches (54ms)
			SetupLoadedEditorAssemblies (496ms)
				LogAssemblyErrors (0ms)
				InitializePlatformSupportModulesInManaged (6ms)
				SetLoadedEditorAssemblies (0ms)
				RefreshPlugins (54ms)
				BeforeProcessingInitializeOnLoad (140ms)
				ProcessInitializeOnLoadAttributes (249ms)
				ProcessInitializeOnLoadMethodAttributes (29ms)
				AfterProcessingInitializeOnLoad (17ms)
				EditorAssembliesLoaded (0ms)
			ExecutionOrderSort2 (0ms)
			AwakeInstancesAfterBackupRestoration (14ms)
Platform modules already initialized, skipping
========================================================================
Worker process is ready to serve import requests
Launched and connected shader compiler UnityShaderCompiler.exe after 0.10 seconds
Refreshing native plugins compatible for Editor in 0.54 ms, found 3 plugins.
Preloading 0 native plugins for Editor in 0.00 ms.
Unloading 2199 Unused Serialized files (Serialized files now loaded: 0)
System memory in use before: 98.5 MB.
System memory in use after: 98.6 MB.

Unloading 28 unused Assets to reduce memory usage. Loaded Objects now: 2632.
Total: 3.435600 ms (FindLiveObjects: 0.218200 ms CreateObjectMapping: 0.081900 ms MarkObjects: 3.010300 ms  DeleteObjects: 0.122000 ms)

AssetImportParameters requested are different than current active one (requested -> active):
  custom:framework-win-MediaFoundation: 216162199b28c13a410421893ffa2e32 -> 
  custom:video-decoder-ogg-theora: a1e56fd34408186e4bbccfd4996cb3dc -> 
  custom:container-muxer-webm: aa71ff27fc2769a1b78a27578f13a17b -> 
  custom:container-demuxer-webm: 4f35f7cbe854078d1ac9338744f61a02 -> 
  custom:container-demuxer-ogg: 62fdf1f143b41e24485cea50d1cbac27 -> 
  custom:video-encoder-webm-vp8: eb34c28f22e8b96e1ab97ce403110664 -> 
  custom:video-decoder-webm-vp8: 9c59270c3fd7afecdb556c50c9e8de78 -> 
  custom:audio-decoder-ogg-vorbis: bf7c407c2cedff20999df2af8eb42d56 -> 
  custom:audio-encoder-webm-vorbis: bf7c407c2cedff20999df2af8eb42d56 -> 
========================================================================
Received Import Request.
  path: Assets
  artifactKey: Guid(00000000000000001000000000000000) Importer(815301076,1909f56bfc062723c751e8b465ee728b)
Start importing Assets using Guid(00000000000000001000000000000000) Importer(815301076,1909f56bfc062723c751e8b465ee728b)  -> (artifact id: '42d402b061de3733987d63b9cc3b64de') in 0.012296 seconds 
  Import took 0.016828 seconds .

========================================================================
Received Import Request.
  Time since last request: 3.259314 seconds.
  path: Assets/Tiles
  artifactKey: Guid(9badbd29d0bd59143ad56e4fdf591157) Importer(815301076,1909f56bfc062723c751e8b465ee728b)
Start importing Assets/Tiles using Guid(9badbd29d0bd59143ad56e4fdf591157) Importer(815301076,1909f56bfc062723c751e8b465ee728b)  -> (artifact id: 'a601bc11c2c81078bb2f8c337c9393b7') in 0.021627 seconds 
  Import took 0.028849 seconds .

========================================================================
Received Import Request.
  Time since last request: 103.159507 seconds.
  path: Assets/TopDown 2D RPG BE3
  artifactKey: Guid(599366e997b50214d8b34fae927798aa) Importer(815301076,1909f56bfc062723c751e8b465ee728b)
Start importing Assets/TopDown 2D RPG BE3 using Guid(599366e997b50214d8b34fae927798aa) Importer(815301076,1909f56bfc062723c751e8b465ee728b)  -> (artifact id: 'c1106455d40e8a091191fa1abe340ff1') in 0.030717 seconds 
  Import took 0.037455 seconds .

========================================================================
Received Prepare
Registering precompiled user dll's ...
Registered in 0.005436 seconds.
Begin MonoManager ReloadAssembly
Native extension for WindowsStandalone target not found
Refreshing native plugins compatible for Editor in 0.63 ms, found 3 plugins.
Preloading 0 native plugins for Editor in 0.00 ms.
Mono: successfully reloaded assembly
- Completed reload, in  1.644 seconds
Domain Reload Profiling:
	ReloadAssembly (1645ms)
		BeginReloadAssembly (306ms)
			ExecutionOrderSort (0ms)
			DisableScriptedObjects (10ms)
			BackupInstance (0ms)
			ReleaseScriptingObjects (0ms)
			CreateAndSetChildDomain (95ms)
		EndReloadAssembly (1245ms)
			LoadAssemblies (212ms)
			RebuildTransferFunctionScriptingTraits (0ms)
			SetupTypeCache (413ms)
			ReleaseScriptCaches (2ms)
			RebuildScriptCaches (71ms)
			SetupLoadedEditorAssemblies (490ms)
				LogAssemblyErrors (0ms)
				InitializePlatformSupportModulesInManaged (6ms)
				SetLoadedEditorAssemblies (1ms)
				RefreshPlugins (1ms)
				BeforeProcessingInitializeOnLoad (168ms)
				ProcessInitializeOnLoadAttributes (290ms)
				ProcessInitializeOnLoadMethodAttributes (16ms)
				AfterProcessingInitializeOnLoad (9ms)
				EditorAssembliesLoaded (0ms)
			ExecutionOrderSort2 (0ms)
			AwakeInstancesAfterBackupRestoration (12ms)
Platform modules already initialized, skipping
Refreshing native plugins compatible for Editor in 0.59 ms, found 3 plugins.
Preloading 0 native plugins for Editor in 0.00 ms.
Unloading 2214 Unused Serialized files (Serialized files now loaded: 0)
System memory in use before: 99.4 MB.
System memory in use after: 99.3 MB.

Unloading 18 unused Assets to reduce memory usage. Loaded Objects now: 2659.
Total: 4.107100 ms (FindLiveObjects: 0.237900 ms CreateObjectMapping: 0.139100 ms MarkObjects: 3.480300 ms  DeleteObjects: 0.248600 ms)

AssetImportParameters requested are different than current active one (requested -> active):
  custom:framework-win-MediaFoundation: 216162199b28c13a410421893ffa2e32 -> 
  custom:video-decoder-ogg-theora: a1e56fd34408186e4bbccfd4996cb3dc -> 
  custom:container-muxer-webm: aa71ff27fc2769a1b78a27578f13a17b -> 
  custom:container-demuxer-webm: 4f35f7cbe854078d1ac9338744f61a02 -> 
  custom:container-demuxer-ogg: 62fdf1f143b41e24485cea50d1cbac27 -> 
  custom:video-encoder-webm-vp8: eb34c28f22e8b96e1ab97ce403110664 -> 
  custom:video-decoder-webm-vp8: 9c59270c3fd7afecdb556c50c9e8de78 -> 
  custom:audio-decoder-ogg-vorbis: bf7c407c2cedff20999df2af8eb42d56 -> 
  custom:audio-encoder-webm-vorbis: bf7c407c2cedff20999df2af8eb42d56 -> 
========================================================================
Received Import Request.
  Time since last request: 8.378424 seconds.
  path: Assets/Tilemap
  artifactKey: Guid(cf9ccd4324df2364db3ac79b01297df5) Importer(815301076,1909f56bfc062723c751e8b465ee728b)
Start importing Assets/Tilemap using Guid(cf9ccd4324df2364db3ac79b01297df5) Importer(815301076,1909f56bfc062723c751e8b465ee728b)  -> (artifact id: '9202983ebd807bc00a310c487b09c486') in 0.039905 seconds 
  Import took 0.047725 seconds .

========================================================================
Received Import Request.
  Time since last request: 245.517775 seconds.
  path: Assets/Tiles/Grass.asset
  artifactKey: Guid(12400adcc5d49db48b0c7a5eb93aaf98) Importer(815301076,1909f56bfc062723c751e8b465ee728b)
Start importing Assets/Tiles/Grass.asset using Guid(12400adcc5d49db48b0c7a5eb93aaf98) Importer(815301076,1909f56bfc062723c751e8b465ee728b)  -> (artifact id: '1a7f51be5b2e621f4e3e6525b9945f11') in 0.129051 seconds 
  Import took 0.138492 seconds .

========================================================================
Received Import Request.
  Time since last request: 60.619606 seconds.
  path: Assets/TopDown 2D RPG BE3/App Icon.png
  artifactKey: Guid(e15a0aaf619d8aa429bd091186fb29a2) Importer(815301076,1909f56bfc062723c751e8b465ee728b)
Start importing Assets/TopDown 2D RPG BE3/App Icon.png using Guid(e15a0aaf619d8aa429bd091186fb29a2) Importer(815301076,1909f56bfc062723c751e8b465ee728b)  -> (artifact id: '2830daf5ad604355086d5c4ffa7417c4') in 0.199250 seconds 
  Import took 0.207194 seconds .

========================================================================
Received Import Request.
  Time since last request: 0.000405 seconds.
  path: Assets/TopDown 2D RPG BE3/Sprites/Objects.png
  artifactKey: Guid(20d6cce5c7ac33b4e97f0f98a09aa347) Importer(815301076,1909f56bfc062723c751e8b465ee728b)
Start importing Assets/TopDown 2D RPG BE3/Sprites/Objects.png using Guid(20d6cce5c7ac33b4e97f0f98a09aa347) Importer(815301076,1909f56bfc062723c751e8b465ee728b)  -> (artifact id: 'a93df2a735281de981a3e2a6154afbe4') in 0.203087 seconds 
  Import took 0.211348 seconds .

========================================================================
Received Import Request.
  Time since last request: 0.000428 seconds.
  path: Assets/TopDown 2D RPG BE3/Sprites/User Interface.png
  artifactKey: Guid(1c9bc0d104c01934da10d4333b9dc48b) Importer(815301076,1909f56bfc062723c751e8b465ee728b)
Start importing Assets/TopDown 2D RPG BE3/Sprites/User Interface.png using Guid(1c9bc0d104c01934da10d4333b9dc48b) Importer(815301076,1909f56bfc062723c751e8b465ee728b)  -> (artifact id: '93f812909b03daacf140df38ce31ac95') in 0.112403 seconds 
  Import took 0.123232 seconds .

========================================================================
Received Import Request.
  Time since last request: 7.906552 seconds.
  path: Assets/TopDown 2D RPG BE3/Sprites/Player.png
  artifactKey: Guid(23748c298f885bf4c89671f6d30f562b) Importer(815301076,1909f56bfc062723c751e8b465ee728b)
Start importing Assets/TopDown 2D RPG BE3/Sprites/Player.png using Guid(23748c298f885bf4c89671f6d30f562b) Importer(815301076,1909f56bfc062723c751e8b465ee728b)  -> (artifact id: '72497c8cacf340364abdba91f3a1ff18') in 0.072494 seconds 
  Import took 0.086418 seconds .

========================================================================
Received Import Request.
  Time since last request: 0.559732 seconds.
  path: Assets/TopDown 2D RPG BE3/Sprites/Tiles.png
  artifactKey: Guid(dc747d0a3cdf6594f9f275fdd2a48b4b) Importer(815301076,1909f56bfc062723c751e8b465ee728b)
Start importing Assets/TopDown 2D RPG BE3/Sprites/Tiles.png using Guid(dc747d0a3cdf6594f9f275fdd2a48b4b) Importer(815301076,1909f56bfc062723c751e8b465ee728b)  -> (artifact id: '968b847d7ad38b412172584f4b9b8c04') in 0.175370 seconds 
  Import took 0.212112 seconds .

========================================================================
Received Import Request.
  Time since last request: 26.307786 seconds.
  path: Assets/TopDown 2D RPG BE3/Sprites/NPC Portrait.png
  artifactKey: Guid(d79edf18a76e2654a9ac99f15de8b2b3) Importer(815301076,1909f56bfc062723c751e8b465ee728b)
Start importing Assets/TopDown 2D RPG BE3/Sprites/NPC Portrait.png using Guid(d79edf18a76e2654a9ac99f15de8b2b3) Importer(815301076,1909f56bfc062723c751e8b465ee728b)  -> (artifact id: 'c63fac18fccaa1ca60cc68619e7ae427') in 0.113819 seconds 
  Import took 0.126626 seconds .

========================================================================
Received Import Request.
  Time since last request: 0.000629 seconds.
  path: Assets/TopDown 2D RPG BE3/Sprites/NPC.png
  artifactKey: Guid(2f90eb840bd0cf4438d49759bc08d718) Importer(815301076,1909f56bfc062723c751e8b465ee728b)
Start importing Assets/TopDown 2D RPG BE3/Sprites/NPC.png using Guid(2f90eb840bd0cf4438d49759bc08d718) Importer(815301076,1909f56bfc062723c751e8b465ee728b)  -> (artifact id: '5e29247b447551a6361db9e349416344') in 0.080851 seconds 
  Import took 0.089824 seconds .

========================================================================
Received Import Request.
  Time since last request: 209.874009 seconds.
  path: Assets/TopDown 2D RPG BE3/Readme.asset
  artifactKey: Guid(4ff280a9fdc784d46beb69b6da783245) Importer(815301076,1909f56bfc062723c751e8b465ee728b)
Start importing Assets/TopDown 2D RPG BE3/Readme.asset using Guid(4ff280a9fdc784d46beb69b6da783245) Importer(815301076,1909f56bfc062723c751e8b465ee728b)  -> (artifact id: 'c127c6590197fb948ef53a49cb221555') in 0.027155 seconds 
  Import took 0.038189 seconds .

========================================================================
Received Import Request.
  Time since last request: 25.187626 seconds.
  path: Assets/Tiles/TilePallet.prefab
  artifactKey: Guid(fe43e5cad1547dd4ea907ca14faa006c) Importer(815301076,1909f56bfc062723c751e8b465ee728b)
Start importing Assets/Tiles/TilePallet.prefab using Guid(fe43e5cad1547dd4ea907ca14faa006c) Importer(815301076,1909f56bfc062723c751e8b465ee728b)  -> (artifact id: '721c5c50e375a880bf5e4ea4d98f671d') in 0.103734 seconds 
  Import took 0.114130 seconds .

========================================================================
Received Import Request.
  Time since last request: 13.615137 seconds.
  path: Assets/Tiles/TilePalle.prefab
  artifactKey: Guid(fe43e5cad1547dd4ea907ca14faa006c) Importer(815301076,1909f56bfc062723c751e8b465ee728b)
Start importing Assets/Tiles/TilePalle.prefab using Guid(fe43e5cad1547dd4ea907ca14faa006c) Importer(815301076,1909f56bfc062723c751e8b465ee728b)  -> (artifact id: '27fa137de192ea2b8f2e8f65227d3ae9') in 0.032164 seconds 
  Import took 0.046269 seconds .

========================================================================
Received Import Request.
  Time since last request: 8.403274 seconds.
  path: Assets/Tiles/TilePalette.prefab
  artifactKey: Guid(fe43e5cad1547dd4ea907ca14faa006c) Importer(815301076,1909f56bfc062723c751e8b465ee728b)
Start importing Assets/Tiles/TilePalette.prefab using Guid(fe43e5cad1547dd4ea907ca14faa006c) Importer(815301076,1909f56bfc062723c751e8b465ee728b)  -> (artifact id: '1f76f206c3ed6f8c1c02c983c0289ca4') in 0.031215 seconds 
  Import took 0.045623 seconds .

========================================================================
Received Import Request.
  Time since last request: 40.636985 seconds.
  path: Assets/Tiles/Isometric Palette.prefab
  artifactKey: Guid(9c2bdb4fc60cc3c4a8d8c9c17f1f1d33) Importer(815301076,1909f56bfc062723c751e8b465ee728b)
Start importing Assets/Tiles/Isometric Palette.prefab using Guid(9c2bdb4fc60cc3c4a8d8c9c17f1f1d33) Importer(815301076,1909f56bfc062723c751e8b465ee728b)  -> (artifact id: '74a2a23eaaf9a800e9ac1cf86bd54388') in 0.028158 seconds 
  Import took 0.041874 seconds .

========================================================================
Received Import Request.
  Time since last request: 241.600678 seconds.
  path: Assets/Tiles/New Palette.prefab
  artifactKey: Guid(252f47f5e4f35974a93ce5aea4133aec) Importer(815301076,1909f56bfc062723c751e8b465ee728b)
Start importing Assets/Tiles/New Palette.prefab using Guid(252f47f5e4f35974a93ce5aea4133aec) Importer(815301076,1909f56bfc062723c751e8b465ee728b)  -> (artifact id: 'c3a0c49123ad89f4a57b3ae2f724ebfc') in 0.021859 seconds 
  Import took 0.030330 seconds .

========================================================================
Received Import Request.
  Time since last request: 75.864245 seconds.
  path: Assets/Tiles/Topdown Palette.prefab
  artifactKey: Guid(252f47f5e4f35974a93ce5aea4133aec) Importer(815301076,1909f56bfc062723c751e8b465ee728b)
Start importing Assets/Tiles/Topdown Palette.prefab using Guid(252f47f5e4f35974a93ce5aea4133aec) Importer(815301076,1909f56bfc062723c751e8b465ee728b)  -> (artifact id: '17b622715f4eba2536b00918b3937097') in 0.018947 seconds 
  Import took 0.025589 seconds .

========================================================================
Received Import Request.
  Time since last request: 13.402632 seconds.
  path: Assets/Tiles/Topdown Palette.prefab
  artifactKey: Guid(252f47f5e4f35974a93ce5aea4133aec) Importer(815301076,1909f56bfc062723c751e8b465ee728b)
Start importing Assets/Tiles/Topdown Palette.prefab using Guid(252f47f5e4f35974a93ce5aea4133aec) Importer(815301076,1909f56bfc062723c751e8b465ee728b)  -> (artifact id: 'c2b2221702f57d8c5fe303cd7476083d') in 0.045034 seconds 
  Import took 0.052307 seconds .

========================================================================
Received Import Request.
  Time since last request: 328.027921 seconds.
  path: Assets/Tiles/Grass.asset
  artifactKey: Guid(12400adcc5d49db48b0c7a5eb93aaf98) Importer(815301076,1909f56bfc062723c751e8b465ee728b)
Start importing Assets/Tiles/Grass.asset using Guid(12400adcc5d49db48b0c7a5eb93aaf98) Importer(815301076,1909f56bfc062723c751e8b465ee728b)  -> (artifact id: '54d8053cff4f566a033eab2adaa197c2') in 0.051762 seconds 
  Import took 0.071028 seconds .

========================================================================
Received Import Request.
  Time since last request: 167.500186 seconds.
  path: Assets/TopDown 2D RPG BE3/Sprites
  artifactKey: Guid(24208ecbe2041c34db5f5403b9304207) Importer(815301076,1909f56bfc062723c751e8b465ee728b)
Start importing Assets/TopDown 2D RPG BE3/Sprites using Guid(24208ecbe2041c34db5f5403b9304207) Importer(815301076,1909f56bfc062723c751e8b465ee728b)  -> (artifact id: '868896c4e0c1f43d5bffa54efac30d17') in 0.029845 seconds 
  Import took 0.046037 seconds .

========================================================================
Received Import Request.
  Time since last request: 37.748225 seconds.
  path: Assets/TopDown 2D RPG BE3/ReadMe/Icon.png
  artifactKey: Guid(71ded8f6cdc30b14aa6ff9cc311ed0c7) Importer(815301076,1909f56bfc062723c751e8b465ee728b)
Start importing Assets/TopDown 2D RPG BE3/ReadMe/Icon.png using Guid(71ded8f6cdc30b14aa6ff9cc311ed0c7) Importer(815301076,1909f56bfc062723c751e8b465ee728b)  -> (artifact id: '8ebfb89cff96a70e8fdaaf26730699ca') in 0.030933 seconds 
  Import took 0.037648 seconds .

========================================================================
Received Import Request.
  Time since last request: 196.379709 seconds.
  path: Assets/Tiles/Grass 1.asset
  artifactKey: Guid(fa561b0b6a1d2d844875d4b5871ecf6e) Importer(815301076,1909f56bfc062723c751e8b465ee728b)
Start importing Assets/Tiles/Grass 1.asset using Guid(fa561b0b6a1d2d844875d4b5871ecf6e) Importer(815301076,1909f56bfc062723c751e8b465ee728b)  -> (artifact id: '8b8337fef571ff59af17f7ab73008e81') in 0.028589 seconds 
  Import took 0.039108 seconds .

========================================================================
Received Import Request.
  Time since last request: 0.000772 seconds.
  path: Assets/Tiles/Grass.asset
  artifactKey: Guid(12400adcc5d49db48b0c7a5eb93aaf98) Importer(815301076,1909f56bfc062723c751e8b465ee728b)
Start importing Assets/Tiles/Grass.asset using Guid(12400adcc5d49db48b0c7a5eb93aaf98) Importer(815301076,1909f56bfc062723c751e8b465ee728b)  -> (artifact id: '29b320ba45024477299025928a58be4a') in 0.048975 seconds 
  Import took 0.060176 seconds .

========================================================================
Received Import Request.
  Time since last request: 5.069302 seconds.
  path: Assets/Tiles/water.asset
  artifactKey: Guid(fa561b0b6a1d2d844875d4b5871ecf6e) Importer(815301076,1909f56bfc062723c751e8b465ee728b)
Start importing Assets/Tiles/water.asset using Guid(fa561b0b6a1d2d844875d4b5871ecf6e) Importer(815301076,1909f56bfc062723c751e8b465ee728b)  -> (artifact id: '9f7419936a01d54993b953a6c248bc77') in 0.027129 seconds 
  Import took 0.040381 seconds .

========================================================================
Received Import Request.
  Time since last request: 85.862757 seconds.
  path: Assets/Tiles/Soil.asset
  artifactKey: Guid(fa561b0b6a1d2d844875d4b5871ecf6e) Importer(815301076,1909f56bfc062723c751e8b465ee728b)
Start importing Assets/Tiles/Soil.asset using Guid(fa561b0b6a1d2d844875d4b5871ecf6e) Importer(815301076,1909f56bfc062723c751e8b465ee728b)  -> (artifact id: '573d7b6ed9344b341a4fb67f57c318b5') in 0.036783 seconds 
  Import took 0.054883 seconds .

========================================================================
Received Import Request.
  Time since last request: 6.069029 seconds.
  path: Assets/Tiles/Soil 1.asset
  artifactKey: Guid(f2cbde18887c829428f540741e2534e6) Importer(815301076,1909f56bfc062723c751e8b465ee728b)
Start importing Assets/Tiles/Soil 1.asset using Guid(f2cbde18887c829428f540741e2534e6) Importer(815301076,1909f56bfc062723c751e8b465ee728b)  -> (artifact id: '27d802bf55089db92b17281eda2cbdfc') in 0.026763 seconds 
  Import took 0.036045 seconds .

========================================================================
Received Import Request.
  Time since last request: 12.314614 seconds.
  path: Assets/Tiles/Water.asset
  artifactKey: Guid(f2cbde18887c829428f540741e2534e6) Importer(815301076,1909f56bfc062723c751e8b465ee728b)
Start importing Assets/Tiles/Water.asset using Guid(f2cbde18887c829428f540741e2534e6) Importer(815301076,1909f56bfc062723c751e8b465ee728b)  -> (artifact id: 'b5b15ed582827c32b9ae4b88d3e1562d') in 0.035735 seconds 
  Import took 0.057976 seconds .

========================================================================
Received Import Request.
  Time since last request: 300.516046 seconds.
  path: Assets/Tiles/Topdown Palette.prefab
  artifactKey: Guid(252f47f5e4f35974a93ce5aea4133aec) Importer(815301076,1909f56bfc062723c751e8b465ee728b)
Start importing Assets/Tiles/Topdown Palette.prefab using Guid(252f47f5e4f35974a93ce5aea4133aec) Importer(815301076,1909f56bfc062723c751e8b465ee728b)  -> (artifact id: '077433c24dfad8a8ae78cc74e292bdde') in 0.048218 seconds 
  Import took 0.055913 seconds .

========================================================================
Received Import Request.
  Time since last request: 1.923226 seconds.
  path: Assets/Tiles/Topdown Palette.prefab
  artifactKey: Guid(252f47f5e4f35974a93ce5aea4133aec) Importer(815301076,1909f56bfc062723c751e8b465ee728b)
Start importing Assets/Tiles/Topdown Palette.prefab using Guid(252f47f5e4f35974a93ce5aea4133aec) Importer(815301076,1909f56bfc062723c751e8b465ee728b)  -> (artifact id: '1ac1301a8d01728a0a833c2acc4ab394') in 0.045476 seconds 
  Import took 0.062466 seconds .

========================================================================
Received Import Request.
  Time since last request: 106.587732 seconds.
  path: Assets/Tiles/Water.asset
  artifactKey: Guid(f2cbde18887c829428f540741e2534e6) Importer(815301076,1909f56bfc062723c751e8b465ee728b)
Start importing Assets/Tiles/Water.asset using Guid(f2cbde18887c829428f540741e2534e6) Importer(815301076,1909f56bfc062723c751e8b465ee728b)  -> (artifact id: '4797688241f15bf4979601da441134d5') in 0.016565 seconds 
  Import took 0.022720 seconds .

========================================================================
Received Import Request.
  Time since last request: 296.672274 seconds.
  path: Assets/Tiles/UnderTheSea.png
  artifactKey: Guid(96d96d2b185062d49b5b8755c3dafab4) Importer(815301076,1909f56bfc062723c751e8b465ee728b)
Start importing Assets/Tiles/UnderTheSea.png using Guid(96d96d2b185062d49b5b8755c3dafab4) Importer(815301076,1909f56bfc062723c751e8b465ee728b)  -> (artifact id: '91273a7853aec97a72ae9f7652f1fe2b') in 0.026963 seconds 
  Import took 0.034843 seconds .

========================================================================
Received Import Request.
  Time since last request: 37.558467 seconds.
  path: Assets/TopDown 2D RPG BE3/Sprites/UnderTheSea.png
  artifactKey: Guid(4d1c62cf96dc91d4db81e2a637d982b7) Importer(815301076,1909f56bfc062723c751e8b465ee728b)
Start importing Assets/TopDown 2D RPG BE3/Sprites/UnderTheSea.png using Guid(4d1c62cf96dc91d4db81e2a637d982b7) Importer(815301076,1909f56bfc062723c751e8b465ee728b)  -> (artifact id: '0d6ff2b45fe1f37616dc3200af62fd8c') in 0.018552 seconds 
  Import took 0.025637 seconds .

========================================================================
Received Import Request.
  Time since last request: 32.312560 seconds.
  path: Assets/TopDown 2D RPG BE3/Sprites/UnderTheSea.png
  artifactKey: Guid(4d1c62cf96dc91d4db81e2a637d982b7) Importer(815301076,1909f56bfc062723c751e8b465ee728b)
Start importing Assets/TopDown 2D RPG BE3/Sprites/UnderTheSea.png using Guid(4d1c62cf96dc91d4db81e2a637d982b7) Importer(815301076,1909f56bfc062723c751e8b465ee728b)  -> (artifact id: '7fbb5f3bded10d62e6cb851483c007d1') in 0.017900 seconds 
  Import took 0.027912 seconds .

========================================================================
Received Import Request.
  Time since last request: 345.203680 seconds.
  path: Assets/TopDown 2D RPG BE3/Sprites/UnderTheSea 1.png
  artifactKey: Guid(97551f1866926fb4aa66b0e87401a794) Importer(815301076,1909f56bfc062723c751e8b465ee728b)
Start importing Assets/TopDown 2D RPG BE3/Sprites/UnderTheSea 1.png using Guid(97551f1866926fb4aa66b0e87401a794) Importer(815301076,1909f56bfc062723c751e8b465ee728b)  -> (artifact id: '0699ef195e74661576dcedd4833b63ed') in 0.054435 seconds 
  Import took 0.071085 seconds .

========================================================================
Received Import Request.
  Time since last request: 35.288377 seconds.
  path: Assets/TopDown 2D RPG BE3/Sprites/UnderTheSea 1.png
  artifactKey: Guid(97551f1866926fb4aa66b0e87401a794) Importer(815301076,1909f56bfc062723c751e8b465ee728b)
Start importing Assets/TopDown 2D RPG BE3/Sprites/UnderTheSea 1.png using Guid(97551f1866926fb4aa66b0e87401a794) Importer(815301076,1909f56bfc062723c751e8b465ee728b)  -> (artifact id: 'b4366fdb1edaba637367b7b147f21d00') in 0.028496 seconds 
  Import took 0.037055 seconds .

========================================================================
Received Import Request.
  Time since last request: 53.357049 seconds.
  path: Assets/TopDown 2D RPG BE3/Sprites/UnderTheSea 1.png
  artifactKey: Guid(97551f1866926fb4aa66b0e87401a794) Importer(815301076,1909f56bfc062723c751e8b465ee728b)
Start importing Assets/TopDown 2D RPG BE3/Sprites/UnderTheSea 1.png using Guid(97551f1866926fb4aa66b0e87401a794) Importer(815301076,1909f56bfc062723c751e8b465ee728b)  -> (artifact id: '4ca1220c3a220c6d017661eba1cad5cf') in 0.111189 seconds 
  Import took 0.120762 seconds .

========================================================================
Received Import Request.
  Time since last request: 14.013165 seconds.
  path: Assets/Tiles/Water 1.asset
  artifactKey: Guid(01b59ac0686c7814396a14f7c8bf9891) Importer(815301076,1909f56bfc062723c751e8b465ee728b)
Start importing Assets/Tiles/Water 1.asset using Guid(01b59ac0686c7814396a14f7c8bf9891) Importer(815301076,1909f56bfc062723c751e8b465ee728b)  -> (artifact id: '8202f19dc0dd904e86da211fedd8074c') in 0.029742 seconds 
  Import took 0.038496 seconds .

========================================================================
Received Import Request.
  Time since last request: 5.665214 seconds.
  path: Assets/Tiles/WaterBlock.asset
  artifactKey: Guid(01b59ac0686c7814396a14f7c8bf9891) Importer(815301076,1909f56bfc062723c751e8b465ee728b)
Start importing Assets/Tiles/WaterBlock.asset using Guid(01b59ac0686c7814396a14f7c8bf9891) Importer(815301076,1909f56bfc062723c751e8b465ee728b)  -> (artifact id: '4d769a7b2e1f3c24edc1d47f356ba4f1') in 0.031633 seconds 
  Import took 0.038571 seconds .

========================================================================
Received Import Request.
  Time since last request: 110.559281 seconds.
  path: Assets/Tiles/Topdown Palette.prefab
  artifactKey: Guid(252f47f5e4f35974a93ce5aea4133aec) Importer(815301076,1909f56bfc062723c751e8b465ee728b)
Start importing Assets/Tiles/Topdown Palette.prefab using Guid(252f47f5e4f35974a93ce5aea4133aec) Importer(815301076,1909f56bfc062723c751e8b465ee728b)  -> (artifact id: 'f5c3c8cbcbeb388da82af14dbd777e88') in 0.038843 seconds 
  Import took 0.046444 seconds .

========================================================================
Received Import Request.
  Time since last request: 675.233914 seconds.
  path: Assets/Tiles/WaterBlock 1.asset
  artifactKey: Guid(7961cb6e6d45c7a4aab2adf6a67aafe2) Importer(815301076,1909f56bfc062723c751e8b465ee728b)
Start importing Assets/Tiles/WaterBlock 1.asset using Guid(7961cb6e6d45c7a4aab2adf6a67aafe2) Importer(815301076,1909f56bfc062723c751e8b465ee728b)  -> (artifact id: '0b1fae82707ba061a4d685f592b242a5') in 0.028855 seconds 
  Import took 0.044231 seconds .

========================================================================
Received Import Request.
  Time since last request: 0.001532 seconds.
  path: Assets/Tiles/WaterBlock.asset
  artifactKey: Guid(01b59ac0686c7814396a14f7c8bf9891) Importer(815301076,1909f56bfc062723c751e8b465ee728b)
Start importing Assets/Tiles/WaterBlock.asset using Guid(01b59ac0686c7814396a14f7c8bf9891) Importer(815301076,1909f56bfc062723c751e8b465ee728b)  -> (artifact id: '669754d9456900471eb6b231278c8d27') in 0.034706 seconds 
  Import took 0.042732 seconds .

========================================================================
Received Import Request.
  Time since last request: 117.124421 seconds.
  path: Assets/Tiles/Topdown Palette.prefab
  artifactKey: Guid(252f47f5e4f35974a93ce5aea4133aec) Importer(815301076,1909f56bfc062723c751e8b465ee728b)
Start importing Assets/Tiles/Topdown Palette.prefab using Guid(252f47f5e4f35974a93ce5aea4133aec) Importer(815301076,1909f56bfc062723c751e8b465ee728b)  -> (artifact id: '99be0624c75728f93863a67833cc9eac') in 0.048804 seconds 
  Import took 0.057270 seconds .

========================================================================
Received Import Request.
  Time since last request: 9.859853 seconds.
  path: Assets/Tiles/WaterBlock.asset
  artifactKey: Guid(7961cb6e6d45c7a4aab2adf6a67aafe2) Importer(815301076,1909f56bfc062723c751e8b465ee728b)
Start importing Assets/Tiles/WaterBlock.asset using Guid(7961cb6e6d45c7a4aab2adf6a67aafe2) Importer(815301076,1909f56bfc062723c751e8b465ee728b)  -> (artifact id: '0e2eac9837874a5fab852b1ba37893ce') in 0.012190 seconds 
  Import took 0.017725 seconds .

========================================================================
Received Import Request.
  Time since last request: 557.545228 seconds.
  path: Assets/Tiles/WaterBlockGray.asset
  artifactKey: Guid(1d568bfa74f8ecb4dadc7a70e5dfed64) Importer(815301076,1909f56bfc062723c751e8b465ee728b)
Start importing Assets/Tiles/WaterBlockGray.asset using Guid(1d568bfa74f8ecb4dadc7a70e5dfed64) Importer(815301076,1909f56bfc062723c751e8b465ee728b)  -> (artifact id: 'accb2c5de426f1a3852b5921272c71e2') in 0.012788 seconds 
  Import took 0.027086 seconds .

========================================================================
Received Import Request.
  Time since last request: 64.655039 seconds.
  path: Assets/Tiles/Topdown Palette.prefab
  artifactKey: Guid(252f47f5e4f35974a93ce5aea4133aec) Importer(815301076,1909f56bfc062723c751e8b465ee728b)
Start importing Assets/Tiles/Topdown Palette.prefab using Guid(252f47f5e4f35974a93ce5aea4133aec) Importer(815301076,1909f56bfc062723c751e8b465ee728b)  -> (artifact id: '13bb5b1cdb5142e2d5b89e47e67f1d7f') in 0.038344 seconds 
  Import took 0.047815 seconds .

========================================================================
Received Import Request.
  Time since last request: 127.958118 seconds.
  path: Assets/TopDown 2D RPG BE3/Sprites/UnderTheSea.png
  artifactKey: Guid(4d1c62cf96dc91d4db81e2a637d982b7) Importer(815301076,1909f56bfc062723c751e8b465ee728b)
Start importing Assets/TopDown 2D RPG BE3/Sprites/UnderTheSea.png using Guid(4d1c62cf96dc91d4db81e2a637d982b7) Importer(815301076,1909f56bfc062723c751e8b465ee728b)  -> (artifact id: 'ba7af5a9ae04685469d7882c3a0842ba') in 0.019723 seconds 
  Import took 0.026829 seconds .

========================================================================
Received Import Request.
  Time since last request: 18.117779 seconds.
  path: Assets/TopDown 2D RPG BE3/Sprites/UnderTheSea.png
  artifactKey: Guid(4d1c62cf96dc91d4db81e2a637d982b7) Importer(815301076,1909f56bfc062723c751e8b465ee728b)
Start importing Assets/TopDown 2D RPG BE3/Sprites/UnderTheSea.png using Guid(4d1c62cf96dc91d4db81e2a637d982b7) Importer(815301076,1909f56bfc062723c751e8b465ee728b)  -> (artifact id: 'ff4a0a0ad47622693e7b7c23def84a7a') in 0.028133 seconds 
  Import took 0.036042 seconds .

========================================================================
Received Import Request.
  Time since last request: 3.702733 seconds.
  path: Assets/TopDown 2D RPG BE3/Sprites/UnderTheSea.png
  artifactKey: Guid(4d1c62cf96dc91d4db81e2a637d982b7) Importer(815301076,1909f56bfc062723c751e8b465ee728b)
Start importing Assets/TopDown 2D RPG BE3/Sprites/UnderTheSea.png using Guid(4d1c62cf96dc91d4db81e2a637d982b7) Importer(815301076,1909f56bfc062723c751e8b465ee728b)  -> (artifact id: 'c8220e7b0eb4a45d1063713bb2cc151d') in 0.019448 seconds 
  Import took 0.029686 seconds .

========================================================================
Received Import Request.
  Time since last request: 171.992509 seconds.
  path: Assets/TopDown 2D RPG BE3/Sprites/UnderTheSea.png
  artifactKey: Guid(4d1c62cf96dc91d4db81e2a637d982b7) Importer(815301076,1909f56bfc062723c751e8b465ee728b)
Start importing Assets/TopDown 2D RPG BE3/Sprites/UnderTheSea.png using Guid(4d1c62cf96dc91d4db81e2a637d982b7) Importer(815301076,1909f56bfc062723c751e8b465ee728b)  -> (artifact id: '0794c413cf8a8e043dd4e3325148bb7d') in 0.033405 seconds 
  Import took 0.045186 seconds .

========================================================================
Received Import Request.
  Time since last request: 10.530759 seconds.
  path: Assets/TopDown 2D RPG BE3/Sprites/UnderTheSea.png
  artifactKey: Guid(4d1c62cf96dc91d4db81e2a637d982b7) Importer(815301076,1909f56bfc062723c751e8b465ee728b)
Start importing Assets/TopDown 2D RPG BE3/Sprites/UnderTheSea.png using Guid(4d1c62cf96dc91d4db81e2a637d982b7) Importer(815301076,1909f56bfc062723c751e8b465ee728b)  -> (artifact id: '1178de304cf0bada02148d84f93990d6') in 0.026237 seconds 
  Import took 0.035041 seconds .

========================================================================
Received Import Request.
  Time since last request: 115.469650 seconds.
  path: Assets/TopDown 2D RPG BE3/Sprites/UnderTheSea.png
  artifactKey: Guid(4d1c62cf96dc91d4db81e2a637d982b7) Importer(815301076,1909f56bfc062723c751e8b465ee728b)
Start importing Assets/TopDown 2D RPG BE3/Sprites/UnderTheSea.png using Guid(4d1c62cf96dc91d4db81e2a637d982b7) Importer(815301076,1909f56bfc062723c751e8b465ee728b)  -> (artifact id: '4948d0ec156e77a6163fcc822d048f66') in 0.148200 seconds 
  Import took 0.157807 seconds .

========================================================================
Received Import Request.
  Time since last request: 7.704935 seconds.
  path: Assets/Tiles/Topdown Palette.prefab
  artifactKey: Guid(252f47f5e4f35974a93ce5aea4133aec) Importer(815301076,1909f56bfc062723c751e8b465ee728b)
Start importing Assets/Tiles/Topdown Palette.prefab using Guid(252f47f5e4f35974a93ce5aea4133aec) Importer(815301076,1909f56bfc062723c751e8b465ee728b)  -> (artifact id: '8233ff5a16d1614b789c13dc6edbae32') in 0.022202 seconds 
  Import took 0.029755 seconds .

========================================================================
Received Import Request.
  Time since last request: 173.860282 seconds.
  path: Assets/Tiles/Topdown Palette.prefab
  artifactKey: Guid(252f47f5e4f35974a93ce5aea4133aec) Importer(815301076,1909f56bfc062723c751e8b465ee728b)
Start importing Assets/Tiles/Topdown Palette.prefab using Guid(252f47f5e4f35974a93ce5aea4133aec) Importer(815301076,1909f56bfc062723c751e8b465ee728b)  -> (artifact id: '82d910117852b75d703761999b9eb72c') in 0.033115 seconds 
  Import took 0.039391 seconds .

========================================================================
Received Import Request.
  Time since last request: 249.369264 seconds.
  path: Assets/TopDown 2D RPG BE3/Sprites/UnderTheSea_9.asset
  artifactKey: Guid(498f1462d1e75d34796bc875d88ec7ca) Importer(815301076,1909f56bfc062723c751e8b465ee728b)
Start importing Assets/TopDown 2D RPG BE3/Sprites/UnderTheSea_9.asset using Guid(498f1462d1e75d34796bc875d88ec7ca) Importer(815301076,1909f56bfc062723c751e8b465ee728b)  -> (artifact id: 'edaf8182aa993b717c08bce5c546fbfc') in 0.057437 seconds 
  Import took 0.076814 seconds .

========================================================================
Received Import Request.
  Time since last request: 0.001548 seconds.
  path: Assets/TopDown 2D RPG BE3/Sprites/UnderTheSea_11.asset
  artifactKey: Guid(a8671221a5443c140a61a0cf556e739e) Importer(815301076,1909f56bfc062723c751e8b465ee728b)
Start importing Assets/TopDown 2D RPG BE3/Sprites/UnderTheSea_11.asset using Guid(a8671221a5443c140a61a0cf556e739e) Importer(815301076,1909f56bfc062723c751e8b465ee728b)  -> (artifact id: 'e41bb6ccd3dea61c26e69fe570df1bca') in 0.035792 seconds 
  Import took 0.045816 seconds .

========================================================================
Received Import Request.
  Time since last request: 0.002569 seconds.
  path: Assets/TopDown 2D RPG BE3/Sprites/UnderTheSea_10.asset
  artifactKey: Guid(164036d5a4b965f4b89f438f7caab127) Importer(815301076,1909f56bfc062723c751e8b465ee728b)
Start importing Assets/TopDown 2D RPG BE3/Sprites/UnderTheSea_10.asset using Guid(164036d5a4b965f4b89f438f7caab127) Importer(815301076,1909f56bfc062723c751e8b465ee728b)  -> (artifact id: '623644ee5ee83ca1573bf93bcc54d3a8') in 0.066337 seconds 
  Import took 0.084138 seconds .

========================================================================
Received Import Request.
  Time since last request: 45.888820 seconds.
  path: Assets/Tiles/Topdown Palette.prefab
  artifactKey: Guid(252f47f5e4f35974a93ce5aea4133aec) Importer(815301076,1909f56bfc062723c751e8b465ee728b)
Start importing Assets/Tiles/Topdown Palette.prefab using Guid(252f47f5e4f35974a93ce5aea4133aec) Importer(815301076,1909f56bfc062723c751e8b465ee728b)  -> (artifact id: 'b09262c122bb1e78ebab35b9af3c96a4') in 0.028736 seconds 
  Import took 0.036180 seconds .

========================================================================
Received Import Request.
  Time since last request: 0.000342 seconds.
  path: Assets/Tiles/WaterBlock.asset
  artifactKey: Guid(7961cb6e6d45c7a4aab2adf6a67aafe2) Importer(815301076,1909f56bfc062723c751e8b465ee728b)
Start importing Assets/Tiles/WaterBlock.asset using Guid(7961cb6e6d45c7a4aab2adf6a67aafe2) Importer(815301076,1909f56bfc062723c751e8b465ee728b)  -> (artifact id: '1f281b950e9cf540a72110ec163abca6') in 0.031618 seconds 
  Import took 0.043442 seconds .

AssetImportWorkerClient::OnTransportError - code=2 error=End of file
