Using pre-set license
Built from '2020.3/staging' branch; Version is '2020.3.5f1 (8095aa901b9b) revision 8426922'; Using compiler version '192528614'; Build Type 'Release'
OS: 'Windows 10 Home; OS build 19042.1466; Version 2009; 64bit' Language: 'ko' Physical Memory: 7971 MB
BatchMode: 1, IsHumanControllingUs: 0, StartBugReporterOnCrash: 0, Is64bit: 1, IsPro: 0

 COMMAND LINE ARGUMENTS:
C:\Program Files\Unity\Hub\Editor\2020.3.5f1\Editor\Unity.exe
-adb2
-batchMode
-noUpm
-name
AssetImportWorker0
-projectPath
C:/Users/user/Desktop/GitHub/PracticeUnity2D/Practice2D_3/JellgrowEx
-logFile
Logs/AssetImportWorker0.log
-srvPort
65206
Successfully changed project path to: C:/Users/user/Desktop/GitHub/PracticeUnity2D/Practice2D_3/JellgrowEx
C:/Users/user/Desktop/GitHub/PracticeUnity2D/Practice2D_3/JellgrowEx
Using Asset Import Pipeline V2.
Refreshing native plugins compatible for Editor in 451.50 ms, found 2 plugins.
Preloading 0 native plugins for Editor in 0.00 ms.
Initialize engine version: 2020.3.5f1 (8095aa901b9b)
[Subsystems] Discovering subsystems at path C:/Program Files/Unity/Hub/Editor/2020.3.5f1/Editor/Data/Resources/UnitySubsystems
[Subsystems] Discovering subsystems at path C:/Users/user/Desktop/GitHub/PracticeUnity2D/Practice2D_3/JellgrowEx/Assets
GfxDevice: creating device client; threaded=0
Direct3D:
    Version:  Direct3D 11.0 [level 11.1]
    Renderer: Intel(R) UHD Graphics (ID=0x9b41)
    Vendor:   
    VRAM:     3985 MB
    Driver:   26.20.100.7463
Initialize mono
Mono path[0] = 'C:/Program Files/Unity/Hub/Editor/2020.3.5f1/Editor/Data/Managed'
Mono path[1] = 'C:/Program Files/Unity/Hub/Editor/2020.3.5f1/Editor/Data/MonoBleedingEdge/lib/mono/unityjit'
Mono config path = 'C:/Program Files/Unity/Hub/Editor/2020.3.5f1/Editor/Data/MonoBleedingEdge/etc'
Using monoOptions --debugger-agent=transport=dt_socket,embedding=1,server=y,suspend=n,address=127.0.0.1:56972
Begin MonoManager ReloadAssembly
Registering precompiled unity dll's ...
Register platform support module: C:/Program Files/Unity/Hub/Editor/2020.3.5f1/Editor/Data/PlaybackEngines/WebGLSupport/UnityEditor.WebGL.Extensions.dll
Register platform support module: C:/Program Files/Unity/Hub/Editor/2020.3.5f1/Editor/Data/PlaybackEngines/WindowsStandaloneSupport/UnityEditor.WindowsStandalone.Extensions.dll
Registered in 0.006268 seconds.
Native extension for WindowsStandalone target not found
Native extension for WebGL target not found
Refreshing native plugins compatible for Editor in 103.46 ms, found 2 plugins.
Preloading 0 native plugins for Editor in 0.00 ms.
Mono: successfully reloaded assembly
- Completed reload, in  6.634 seconds
Platform modules already initialized, skipping
Registering precompiled user dll's ...
Registered in 0.127434 seconds.
Begin MonoManager ReloadAssembly
Native extension for WindowsStandalone target not found
Native extension for WebGL target not found
Refreshing native plugins compatible for Editor in 134.32 ms, found 2 plugins.
Preloading 0 native plugins for Editor in 0.00 ms.
Mono: successfully reloaded assembly
- Completed reload, in  3.705 seconds
Platform modules already initialized, skipping
========================================================================
Worker process is ready to serve import requests
Launched and connected shader compiler UnityShaderCompiler.exe after 0.37 seconds
Refreshing native plugins compatible for Editor in 17.65 ms, found 2 plugins.
Preloading 0 native plugins for Editor in 0.00 ms.
Unloading 1826 Unused Serialized files (Serialized files now loaded: 0)
System memory in use before: 86.1 MB.
System memory in use after: 86.0 MB.

Unloading 40 unused Assets to reduce memory usage. Loaded Objects now: 2338.
Total: 19.966800 ms (FindLiveObjects: 5.087000 ms CreateObjectMapping: 3.937700 ms MarkObjects: 10.339600 ms  DeleteObjects: 0.567300 ms)

========================================================================
Received Import Request.
  path: Assets/Macro/SuperUnit/CheckBorder.asset
  artifactKey: Guid(eeb45203560c3b4498ac3486a6f6b798) Importer(815301076,1909f56bfc062723c751e8b465ee728b)
Start importing Assets/Macro/SuperUnit/CheckBorder.asset using Guid(eeb45203560c3b4498ac3486a6f6b798) Importer(815301076,1909f56bfc062723c751e8b465ee728b)  -> (artifact id: '6e7846eeb03ad7429672168ecf3b87e6') in 2.061193 seconds
  Import took 2.072060 seconds .

========================================================================
Received Import Request.
  Time since last request: 10.940529 seconds.
  path: Assets/Macro/SuperUnit/CheckBorder.asset
  artifactKey: Guid(eeb45203560c3b4498ac3486a6f6b798) Importer(815301076,1909f56bfc062723c751e8b465ee728b)
Start importing Assets/Macro/SuperUnit/CheckBorder.asset using Guid(eeb45203560c3b4498ac3486a6f6b798) Importer(815301076,1909f56bfc062723c751e8b465ee728b)  -> (artifact id: '40127e62cf5bed069395419278ee7d19') in 0.047644 seconds
  Import took 0.060272 seconds .

========================================================================
Received Import Request.
  Time since last request: 150.827975 seconds.
  path: Assets/Macro/SuperUnit/CheckBorder.asset
  artifactKey: Guid(eeb45203560c3b4498ac3486a6f6b798) Importer(815301076,1909f56bfc062723c751e8b465ee728b)
Start importing Assets/Macro/SuperUnit/CheckBorder.asset using Guid(eeb45203560c3b4498ac3486a6f6b798) Importer(815301076,1909f56bfc062723c751e8b465ee728b)  -> (artifact id: 'f0c27bf7c1029b5f98fae9435054bed1') in 0.089273 seconds
  Import took 0.098169 seconds .

========================================================================
Received Import Request.
  Time since last request: 35.163116 seconds.
  path: Assets/Macro/SuperUnit/CheckBorder.asset
  artifactKey: Guid(eeb45203560c3b4498ac3486a6f6b798) Importer(815301076,1909f56bfc062723c751e8b465ee728b)
Start importing Assets/Macro/SuperUnit/CheckBorder.asset using Guid(eeb45203560c3b4498ac3486a6f6b798) Importer(815301076,1909f56bfc062723c751e8b465ee728b)  -> (artifact id: 'a5b22fd8e82e0d0dbb746afb387172ca') in 0.026281 seconds
  Import took 0.042076 seconds .

========================================================================
Received Prepare
Registering precompiled user dll's ...
Registered in 0.036511 seconds.
Begin MonoManager ReloadAssembly
Native extension for WindowsStandalone target not found
Native extension for WebGL target not found
Refreshing native plugins compatible for Editor in 1.57 ms, found 2 plugins.
Preloading 0 native plugins for Editor in 0.00 ms.
Mono: successfully reloaded assembly
- Completed reload, in  3.520 seconds
Platform modules already initialized, skipping
Refreshing native plugins compatible for Editor in 2.60 ms, found 2 plugins.
Preloading 0 native plugins for Editor in 0.00 ms.
Unloading 1821 Unused Serialized files (Serialized files now loaded: 0)
System memory in use before: 86.0 MB.
System memory in use after: 86.0 MB.

Unloading 28 unused Assets to reduce memory usage. Loaded Objects now: 2342.
Total: 7.951900 ms (FindLiveObjects: 0.839900 ms CreateObjectMapping: 0.155500 ms MarkObjects: 6.720700 ms  DeleteObjects: 0.228100 ms)

========================================================================
Received Prepare
Registering precompiled user dll's ...
Registered in 0.013831 seconds.
Begin MonoManager ReloadAssembly
Native extension for WindowsStandalone target not found
Native extension for WebGL target not found
Refreshing native plugins compatible for Editor in 9.38 ms, found 2 plugins.
Preloading 0 native plugins for Editor in 0.00 ms.
Mono: successfully reloaded assembly
- Completed reload, in  3.638 seconds
Platform modules already initialized, skipping
Refreshing native plugins compatible for Editor in 2.01 ms, found 2 plugins.
Preloading 0 native plugins for Editor in 0.00 ms.
Unloading 1822 Unused Serialized files (Serialized files now loaded: 0)
System memory in use before: 86.1 MB.
System memory in use after: 86.0 MB.

Unloading 28 unused Assets to reduce memory usage. Loaded Objects now: 2347.
Total: 983.947400 ms (FindLiveObjects: 53.222300 ms CreateObjectMapping: 3.519100 ms MarkObjects: 925.053300 ms  DeleteObjects: 0.382500 ms)

========================================================================
Received Import Request.
  Time since last request: 365.118866 seconds.
  path: Assets/Scripts/GameManager.cs
  artifactKey: Guid(6e9fc2b7ff8e67a4c9778efe4bcd1b0d) Importer(815301076,1909f56bfc062723c751e8b465ee728b)
Start importing Assets/Scripts/GameManager.cs using Guid(6e9fc2b7ff8e67a4c9778efe4bcd1b0d) Importer(815301076,1909f56bfc062723c751e8b465ee728b)  -> (artifact id: 'c39d00fcd6524a80305432828a2844db') in 0.065526 seconds
  Import took 0.073527 seconds .

========================================================================
Received Import Request.
  Time since last request: 870.518812 seconds.
  path: Assets/Macro/Jelly.asset
  artifactKey: Guid(f52e62462f8b830429d412693ef4d415) Importer(815301076,1909f56bfc062723c751e8b465ee728b)
Start importing Assets/Macro/Jelly.asset using Guid(f52e62462f8b830429d412693ef4d415) Importer(815301076,1909f56bfc062723c751e8b465ee728b)  -> (artifact id: '00b2b452ea9a2185f1a0add0c3e528cc') in 3.249717 seconds
  Import took 3.262175 seconds .

========================================================================
Received Import Request.
  Time since last request: 2.338078 seconds.
  path: Assets/Scripts
  artifactKey: Guid(4cb7728008afdc349818aae174b44f5f) Importer(815301076,1909f56bfc062723c751e8b465ee728b)
Start importing Assets/Scripts using Guid(4cb7728008afdc349818aae174b44f5f) Importer(815301076,1909f56bfc062723c751e8b465ee728b)  -> (artifact id: '61cdcd053f30b51228592f4bef43be49') in 0.036859 seconds
  Import took 0.043895 seconds .

========================================================================
Received Import Request.
  Time since last request: 4.048701 seconds.
  path: Assets/Scripts/NewBehaviourScript.cs
  artifactKey: Guid(946c6d66233a6e94887338ef9e34bed0) Importer(815301076,1909f56bfc062723c751e8b465ee728b)
Start importing Assets/Scripts/NewBehaviourScript.cs using Guid(946c6d66233a6e94887338ef9e34bed0) Importer(815301076,1909f56bfc062723c751e8b465ee728b)  -> (artifact id: '13463c4a743efde048318b36b7a50129') in 0.034726 seconds
  Import took 0.042218 seconds .

========================================================================
Received Prepare
Registering precompiled user dll's ...
Registered in 0.014119 seconds.
Begin MonoManager ReloadAssembly
Native extension for WindowsStandalone target not found
Native extension for WebGL target not found
Refreshing native plugins compatible for Editor in 0.59 ms, found 2 plugins.
Preloading 0 native plugins for Editor in 0.00 ms.
Mono: successfully reloaded assembly
- Completed reload, in  3.506 seconds
Platform modules already initialized, skipping
Refreshing native plugins compatible for Editor in 1.25 ms, found 2 plugins.
Preloading 0 native plugins for Editor in 0.00 ms.
Unloading 1823 Unused Serialized files (Serialized files now loaded: 0)
System memory in use before: 86.1 MB.
System memory in use after: 86.1 MB.

Unloading 28 unused Assets to reduce memory usage. Loaded Objects now: 2352.
Total: 5.602800 ms (FindLiveObjects: 0.369800 ms CreateObjectMapping: 0.256100 ms MarkObjects: 4.666700 ms  DeleteObjects: 0.301300 ms)

========================================================================
Received Import Request.
  Time since last request: 22.367767 seconds.
  path: Assets/Scripts/game.cs
  artifactKey: Guid(946c6d66233a6e94887338ef9e34bed0) Importer(815301076,1909f56bfc062723c751e8b465ee728b)
Start importing Assets/Scripts/game.cs using Guid(946c6d66233a6e94887338ef9e34bed0) Importer(815301076,1909f56bfc062723c751e8b465ee728b)  -> (artifact id: '6a2646c42924601643e8dbe6f7768e15') in 0.023567 seconds
  Import took 0.031340 seconds .

========================================================================
Received Prepare
Registering precompiled user dll's ...
Registered in 0.012694 seconds.
Begin MonoManager ReloadAssembly
Native extension for WindowsStandalone target not found
Native extension for WebGL target not found
Refreshing native plugins compatible for Editor in 1.21 ms, found 2 plugins.
Preloading 0 native plugins for Editor in 0.00 ms.
Mono: successfully reloaded assembly
- Completed reload, in  2.853 seconds
Platform modules already initialized, skipping
Refreshing native plugins compatible for Editor in 0.81 ms, found 2 plugins.
Preloading 0 native plugins for Editor in 0.00 ms.
Unloading 1823 Unused Serialized files (Serialized files now loaded: 0)
System memory in use before: 86.1 MB.
System memory in use after: 86.1 MB.

Unloading 28 unused Assets to reduce memory usage. Loaded Objects now: 2356.
Total: 7.858100 ms (FindLiveObjects: 0.745900 ms CreateObjectMapping: 0.313800 ms MarkObjects: 6.515800 ms  DeleteObjects: 0.279300 ms)

========================================================================
Received Prepare
Registering precompiled user dll's ...
Registered in 0.009909 seconds.
Begin MonoManager ReloadAssembly
Native extension for WindowsStandalone target not found
Native extension for WebGL target not found
Refreshing native plugins compatible for Editor in 0.64 ms, found 2 plugins.
Preloading 0 native plugins for Editor in 0.00 ms.
Mono: successfully reloaded assembly
- Completed reload, in  1.229 seconds
Platform modules already initialized, skipping
Refreshing native plugins compatible for Editor in 2.04 ms, found 2 plugins.
Preloading 0 native plugins for Editor in 0.00 ms.
Unloading 1822 Unused Serialized files (Serialized files now loaded: 0)
System memory in use before: 86.1 MB.
System memory in use after: 86.1 MB.

Unloading 29 unused Assets to reduce memory usage. Loaded Objects now: 2359.
Total: 3.287600 ms (FindLiveObjects: 0.342000 ms CreateObjectMapping: 0.133500 ms MarkObjects: 2.629300 ms  DeleteObjects: 0.181000 ms)

========================================================================
Received Import Request.
  Time since last request: 34.023039 seconds.
  path: Assets/Scripts/GameManager.cs
  artifactKey: Guid(946c6d66233a6e94887338ef9e34bed0) Importer(815301076,1909f56bfc062723c751e8b465ee728b)
Start importing Assets/Scripts/GameManager.cs using Guid(946c6d66233a6e94887338ef9e34bed0) Importer(815301076,1909f56bfc062723c751e8b465ee728b)  -> (artifact id: 'af74687276f2ffdff70232ee42e7f580') in 0.016829 seconds
  Import took 0.025800 seconds .

========================================================================
Received Prepare
Registering precompiled user dll's ...
Registered in 0.016614 seconds.
Begin MonoManager ReloadAssembly
Native extension for WindowsStandalone target not found
Native extension for WebGL target not found
Refreshing native plugins compatible for Editor in 0.84 ms, found 2 plugins.
Preloading 0 native plugins for Editor in 0.00 ms.
Mono: successfully reloaded assembly
- Completed reload, in  1.459 seconds
Platform modules already initialized, skipping
Refreshing native plugins compatible for Editor in 1.46 ms, found 2 plugins.
Preloading 0 native plugins for Editor in 0.00 ms.
Unloading 1822 Unused Serialized files (Serialized files now loaded: 0)
System memory in use before: 86.1 MB.
System memory in use after: 86.1 MB.

Unloading 28 unused Assets to reduce memory usage. Loaded Objects now: 2363.
Total: 5.790200 ms (FindLiveObjects: 0.713100 ms CreateObjectMapping: 0.294600 ms MarkObjects: 4.581800 ms  DeleteObjects: 0.196900 ms)

========================================================================
Received Prepare
Registering precompiled user dll's ...
Registered in 0.016432 seconds.
Begin MonoManager ReloadAssembly
Native extension for WindowsStandalone target not found
Native extension for WebGL target not found
Refreshing native plugins compatible for Editor in 1.73 ms, found 2 plugins.
Preloading 0 native plugins for Editor in 0.00 ms.
Mono: successfully reloaded assembly
- Completed reload, in  1.283 seconds
Platform modules already initialized, skipping
Refreshing native plugins compatible for Editor in 1.94 ms, found 2 plugins.
Preloading 0 native plugins for Editor in 0.00 ms.
Unloading 1822 Unused Serialized files (Serialized files now loaded: 0)
System memory in use before: 86.1 MB.
System memory in use after: 86.1 MB.

Unloading 28 unused Assets to reduce memory usage. Loaded Objects now: 2367.
Total: 6.272500 ms (FindLiveObjects: 0.909000 ms CreateObjectMapping: 0.366600 ms MarkObjects: 4.781400 ms  DeleteObjects: 0.211500 ms)

========================================================================
Received Import Request.
  Time since last request: 224.208507 seconds.
  path: Assets/Scripts/GameManager.cs
  artifactKey: Guid(946c6d66233a6e94887338ef9e34bed0) Importer(815301076,1909f56bfc062723c751e8b465ee728b)
Start importing Assets/Scripts/GameManager.cs using Guid(946c6d66233a6e94887338ef9e34bed0) Importer(815301076,1909f56bfc062723c751e8b465ee728b)  -> (artifact id: '035733d7227e9db6c5e31c8f911bf473') in 0.020876 seconds
  Import took 0.029405 seconds .

AssetImportWorkerClient::OnTransportError - code=2 error=End of file
